This is pdfTeX, Version 3.14159265-2.6-1.40.20 (TeX Live 2019/Debian) (preloaded format=pdflatex 2024.3.19)  24 APR 2024 09:46
entering extended mode
 restricted \write18 enabled.
 %&-line parsing enabled.
**AR_analysis_
(./AR_analysis_.tex
LaTeX2e <2020-02-02> patch level 2
L3 programming layer <2020-02-14> (./AR_analysis_.cls
Document Class: AR_analysis_ 01/14/2019
(/usr/share/texlive/texmf-dist/tex/latex/graphics/graphicx.sty
Package: graphicx 2019/11/30 v1.2a Enhanced LaTeX Graphics (DPC,SPQR)

(/usr/share/texlive/texmf-dist/tex/latex/graphics/keyval.sty
Package: keyval 2014/10/28 v1.15 key=value parser (DPC)
\KV@toks@=\toks14
)
(/usr/share/texlive/texmf-dist/tex/latex/graphics/graphics.sty
Package: graphics 2019/11/30 v1.4a Standard LaTeX Graphics (DPC,SPQR)

(/usr/share/texlive/texmf-dist/tex/latex/graphics/trig.sty
Package: trig 2016/01/03 v1.10 sin cos tan (DPC)
)
(/usr/share/texlive/texmf-dist/tex/latex/graphics-cfg/graphics.cfg
File: graphics.cfg 2016/06/04 v1.11 sample graphics configuration
)
Package graphics Info: Driver file: pdftex.def on input line 105.

(/usr/share/texlive/texmf-dist/tex/latex/graphics-def/pdftex.def
File: pdftex.def 2018/01/08 v1.0l Graphics/color driver for pdftex
))
\Gin@req@height=\dimen134
\Gin@req@width=\dimen135
)
(/usr/share/texlive/texmf-dist/tex/latex/xcolor/xcolor.sty
Package: xcolor 2016/05/11 v2.12 LaTeX color extensions (UK)

(/usr/share/texlive/texmf-dist/tex/latex/graphics-cfg/color.cfg
File: color.cfg 2016/01/02 v1.6 sample color configuration
)
Package xcolor Info: Driver file: pdftex.def on input line 225.
Package xcolor Info: Model `cmy' substituted by `cmy0' on input line 1348.
Package xcolor Info: Model `hsb' substituted by `rgb' on input line 1352.
Package xcolor Info: Model `RGB' extended on input line 1364.
Package xcolor Info: Model `HTML' substituted by `rgb' on input line 1366.
Package xcolor Info: Model `Hsb' substituted by `hsb' on input line 1367.
Package xcolor Info: Model `tHsb' substituted by `hsb' on input line 1368.
Package xcolor Info: Model `HSB' substituted by `hsb' on input line 1369.
Package xcolor Info: Model `Gray' substituted by `gray' on input line 1370.
Package xcolor Info: Model `wave' substituted by `hsb' on input line 1371.
)
(/usr/share/texlive/texmf-dist/tex/latex/url/url.sty
\Urlmuskip=\muskip16
Package: url 2013/09/16  ver 3.4  Verb mode for urls, etc.
)
(/usr/share/texlive/texmf-dist/tex/latex/lineno/lineno.sty
Package: lineno 2005/11/02 line numbers on paragraphs v4.41
\linenopenalty=\count167
\output=\toks15
\linenoprevgraf=\count168
\linenumbersep=\dimen136
\linenumberwidth=\dimen137
\c@linenumber=\count169
\c@pagewiselinenumber=\count170
\c@LN@truepage=\count171
\c@internallinenumber=\count172
\c@internallinenumbers=\count173
\quotelinenumbersep=\dimen138
\bframerule=\dimen139
\bframesep=\dimen140
\bframebox=\box45
LaTeX Info: Redefining \\ on input line 3056.
)
(/usr/share/texlive/texmf-dist/tex/latex/tools/indentfirst.sty
Package: indentfirst 1995/11/23 v1.03 Indent first paragraph (DPC)
)
(/usr/share/texlive/texmf-dist/tex/latex/ragged2e/ragged2e.sty
Package: ragged2e 2019/07/28 v2.2 ragged2e Package (MS)

(/usr/share/texlive/texmf-dist/tex/latex/ms/everysel.sty
Package: everysel 2011/10/28 v1.2 EverySelectfont Package (MS)
)
\CenteringLeftskip=\skip47
\RaggedLeftLeftskip=\skip48
\RaggedRightLeftskip=\skip49
\CenteringRightskip=\skip50
\RaggedLeftRightskip=\skip51
\RaggedRightRightskip=\skip52
\CenteringParfillskip=\skip53
\RaggedLeftParfillskip=\skip54
\RaggedRightParfillskip=\skip55
\JustifyingParfillskip=\skip56
\CenteringParindent=\skip57
\RaggedLeftParindent=\skip58
\RaggedRightParindent=\skip59
\JustifyingParindent=\skip60
)
(/usr/share/texlive/texmf-dist/tex/latex/graphics/rotating.sty
Package: rotating 2016/08/11 v2.16d rotated objects in LaTeX

(/usr/share/texlive/texmf-dist/tex/latex/base/ifthen.sty
Package: ifthen 2014/09/29 v1.1c Standard LaTeX ifthen package (DPC)
)
\c@r@tfl@t=\count174
\rotFPtop=\skip61
\rotFPbot=\skip62
\rot@float@box=\box46
\rot@mess@toks=\toks16
)
\draftskip=\count175
\c@section=\count176
\c@subsection=\count177
\c@subsubsection=\count178
\c@paragraph=\count179
\c@subparagraph=\count180
\c@figure=\count181
\c@table=\count182
\abovecaptionskip=\skip63
\belowcaptionskip=\skip64
\c@appendnum=\count183
\bibindent=\dimen141

(/usr/share/texlive/texmf-dist/tex/latex/apacite/apacite.sty
Package: apacite 2013/07/21 v6.03 APA citation
\c@BibCnt=\count184
\bibleftmargin=\skip65
\bibindent=\skip66
\bibparsep=\skip67
\bibitemsep=\skip68
\biblabelsep=\skip69
))
(./trackchanges.sty
Package: trackchanges 2009/04/22 v0.7.0 TrackChanges file 
 (/usr/share/texlive/texmf-dist/tex/latex/tools/calc.sty
Package: calc 2017/05/25 v4.3 Infix arithmetic (KKT,FJ)
\calc@Acount=\count185
\calc@Bcount=\count186
\calc@Adimen=\dimen142
\calc@Bdimen=\dimen143
\calc@Askip=\skip70
\calc@Bskip=\skip71
LaTeX Info: Redefining \setlength on input line 80.
LaTeX Info: Redefining \addtolength on input line 81.
\calc@Ccount=\count187
\calc@Cskip=\skip72
)
(/usr/share/texlive/texmf-dist/tex/latex/soul/soul.sty
Package: soul 2003/11/17 v2.4 letterspacing/underlining (mf)
\SOUL@word=\toks17
\SOUL@lasttoken=\toks18
\SOUL@cmds=\toks19
\SOUL@buffer=\toks20
\SOUL@token=\toks21
\SOUL@spaceskip=\skip73
\SOUL@ttwidth=\dimen144
\SOUL@uldp=\dimen145
\SOUL@ulht=\dimen146
)
(/usr/share/texlive/texmf-dist/tex/latex/morefloats/morefloats.sty
Package: morefloats 2015/07/22 v1.0h Raise limit of unprocessed floats (HMM)

(/usr/share/texlive/texmf-dist/tex/latex/kvoptions/kvoptions.sty
Package: kvoptions 2019/11/29 v3.13 Key value format for package options (HO)

(/usr/share/texlive/texmf-dist/tex/generic/ltxcmds/ltxcmds.sty
Package: ltxcmds 2019/12/15 v1.24 LaTeX kernel commands for general use (HO)
)
(/usr/share/texlive/texmf-dist/tex/generic/kvsetkeys/kvsetkeys.sty
Package: kvsetkeys 2019/12/15 v1.18 Key value parser (HO)
))
Package morefloats Info: Maximum number of possible floats asked for: 36
(morefloats)             (i.e. 18 more floats).
(morefloats)             LaTeX might run out of memory before this
(morefloats)             (in which case it will notify you).
)
\c@userid=\count188
\c@changenumber=\count189
\c@storefootnote=\count190
\c@numeditors=\count191
\c@maxeditors=\count192
)
(/usr/share/texlive/texmf-dist/tex/latex/float/float.sty
Package: float 2001/11/08 v1.3d Float enhancements (AL)
\c@float@type=\count193
\float@exts=\toks22
\float@box=\box47
\@float@everytoks=\toks23
\@floatcapt=\box48
)
(/usr/share/texlive/texmf-dist/tex/latex/base/textcomp.sty
Package: textcomp 2020/02/02 v2.0n Standard LaTeX package
)
(/usr/share/texlive/texmf-dist/tex/latex/was/gensymb.sty
Package: gensymb 2003/07/02 v1.0 (WaS)
)
(/usr/share/texlive/texmf-dist/tex/latex/mathtools/mathtools.sty
Package: mathtools 2020/01/17 v1.23 mathematical typesetting tools

(/usr/share/texlive/texmf-dist/tex/latex/mathtools/mhsetup.sty
Package: mhsetup 2017/03/31 v1.3 programming setup (MH)
)
(/usr/share/texlive/texmf-dist/tex/latex/amsmath/amsmath.sty
Package: amsmath 2020/01/20 v2.17e AMS math features
\@mathmargin=\skip74

For additional information on amsmath, use the `?' option.
(/usr/share/texlive/texmf-dist/tex/latex/amsmath/amstext.sty
Package: amstext 2000/06/29 v2.01 AMS text

(/usr/share/texlive/texmf-dist/tex/latex/amsmath/amsgen.sty
File: amsgen.sty 1999/11/30 v2.0 generic functions
\@emptytoks=\toks24
\ex@=\dimen147
))
(/usr/share/texlive/texmf-dist/tex/latex/amsmath/amsbsy.sty
Package: amsbsy 1999/11/29 v1.2d Bold Symbols
\pmbraise@=\dimen148
)
(/usr/share/texlive/texmf-dist/tex/latex/amsmath/amsopn.sty
Package: amsopn 2016/03/08 v2.02 operator names
)
\inf@bad=\count194
LaTeX Info: Redefining \frac on input line 227.
\uproot@=\count195
\leftroot@=\count196
LaTeX Info: Redefining \overline on input line 389.
\classnum@=\count197
\DOTSCASE@=\count198
LaTeX Info: Redefining \ldots on input line 486.
LaTeX Info: Redefining \dots on input line 489.
LaTeX Info: Redefining \cdots on input line 610.
\Mathstrutbox@=\box49
\strutbox@=\box50
\big@size=\dimen149
LaTeX Font Info:    Redeclaring font encoding OML on input line 733.
LaTeX Font Info:    Redeclaring font encoding OMS on input line 734.
\macc@depth=\count199
\c@MaxMatrixCols=\count266
\dotsspace@=\muskip17
\c@parentequation=\count267
\dspbrk@lvl=\count268
\tag@help=\toks25
\row@=\count269
\column@=\count270
\maxfields@=\count271
\andhelp@=\toks26
\eqnshift@=\dimen150
\alignsep@=\dimen151
\tagshift@=\dimen152
\tagwidth@=\dimen153
\totwidth@=\dimen154
\lineht@=\dimen155
\@envbody=\toks27
\multlinegap=\skip75
\multlinetaggap=\skip76
\mathdisplay@stack=\toks28
LaTeX Info: Redefining \[ on input line 2859.
LaTeX Info: Redefining \] on input line 2860.
)
LaTeX Info: Thecontrolsequence`\('isalreadyrobust on input line 129.
LaTeX Info: Thecontrolsequence`\)'isalreadyrobust on input line 129.
LaTeX Info: Thecontrolsequence`\['isalreadyrobust on input line 129.
LaTeX Info: Thecontrolsequence`\]'isalreadyrobust on input line 129.
\g_MT_multlinerow_int=\count272
\l_MT_multwidth_dim=\dimen156
\origjot=\skip77
\l_MT_shortvdotswithinadjustabove_dim=\dimen157
\l_MT_shortvdotswithinadjustbelow_dim=\dimen158
\l_MT_above_intertext_sep=\dimen159
\l_MT_below_intertext_sep=\dimen160
\l_MT_above_shortintertext_sep=\dimen161
\l_MT_below_shortintertext_sep=\dimen162
)
(/usr/share/texlive/texmf-dist/tex/latex/tools/tabularx.sty
Package: tabularx 2020/01/15 v2.11c `tabularx' package (DPC)

(/usr/share/texlive/texmf-dist/tex/latex/tools/array.sty
Package: array 2019/08/31 v2.4l Tabular extension package (FMi)
\col@sep=\dimen163
\ar@mcellbox=\box51
\extrarowheight=\dimen164
\NC@list=\toks29
\extratabsurround=\skip78
\backup@length=\skip79
\ar@cellbox=\box52
)
\TX@col@width=\dimen165
\TX@old@table=\dimen166
\TX@old@col=\dimen167
\TX@target=\dimen168
\TX@delta=\dimen169
\TX@cols=\count273
\TX@ftn=\toks30
)
(/usr/share/texlive/texmf-dist/tex/latex/makecell/makecell.sty
Package: makecell 2009/08/03 V0.1e Managing of Tab Column Heads and Cells
\rotheadsize=\dimen170
\c@nlinenum=\count274
\TeXr@lab=\toks31
)
(/usr/share/texlive/texmf-dist/tex/latex/pgf/frontendlayer/tikz.sty
(/usr/share/texlive/texmf-dist/tex/latex/pgf/basiclayer/pgf.sty
(/usr/share/texlive/texmf-dist/tex/latex/pgf/utilities/pgfrcs.sty
(/usr/share/texlive/texmf-dist/tex/generic/pgf/utilities/pgfutil-common.tex
\pgfutil@everybye=\toks32
\pgfutil@tempdima=\dimen171
\pgfutil@tempdimb=\dimen172

(/usr/share/texlive/texmf-dist/tex/generic/pgf/utilities/pgfutil-common-lists.t
ex)) (/usr/share/texlive/texmf-dist/tex/generic/pgf/utilities/pgfutil-latex.def
\pgfutil@abb=\box53
(/usr/share/texlive/texmf-dist/tex/latex/ms/everyshi.sty
Package: everyshi 2001/05/15 v3.00 EveryShipout Package (MS)
))
(/usr/share/texlive/texmf-dist/tex/generic/pgf/utilities/pgfrcs.code.tex
(/usr/share/texlive/texmf-dist/tex/generic/pgf/pgf.revision.tex)
Package: pgfrcs 2020/01/08 v3.1.5b (3.1.5b)
))
Package: pgf 2020/01/08 v3.1.5b (3.1.5b)

(/usr/share/texlive/texmf-dist/tex/latex/pgf/basiclayer/pgfcore.sty
(/usr/share/texlive/texmf-dist/tex/latex/pgf/systemlayer/pgfsys.sty
(/usr/share/texlive/texmf-dist/tex/generic/pgf/systemlayer/pgfsys.code.tex
Package: pgfsys 2020/01/08 v3.1.5b (3.1.5b)

(/usr/share/texlive/texmf-dist/tex/generic/pgf/utilities/pgfkeys.code.tex
\pgfkeys@pathtoks=\toks33
\pgfkeys@temptoks=\toks34

(/usr/share/texlive/texmf-dist/tex/generic/pgf/utilities/pgfkeysfiltered.code.t
ex
\pgfkeys@tmptoks=\toks35
))
\pgf@x=\dimen173
\pgf@y=\dimen174
\pgf@xa=\dimen175
\pgf@ya=\dimen176
\pgf@xb=\dimen177
\pgf@yb=\dimen178
\pgf@xc=\dimen179
\pgf@yc=\dimen180
\pgf@xd=\dimen181
\pgf@yd=\dimen182
\w@pgf@writea=\write3
\r@pgf@reada=\read2
\c@pgf@counta=\count275
\c@pgf@countb=\count276
\c@pgf@countc=\count277
\c@pgf@countd=\count278
\t@pgf@toka=\toks36
\t@pgf@tokb=\toks37
\t@pgf@tokc=\toks38
\pgf@sys@id@count=\count279
 (/usr/share/texlive/texmf-dist/tex/generic/pgf/systemlayer/pgf.cfg
File: pgf.cfg 2020/01/08 v3.1.5b (3.1.5b)
)
Driver file for pgf: pgfsys-pdftex.def

(/usr/share/texlive/texmf-dist/tex/generic/pgf/systemlayer/pgfsys-pdftex.def
File: pgfsys-pdftex.def 2020/01/08 v3.1.5b (3.1.5b)

(/usr/share/texlive/texmf-dist/tex/generic/pgf/systemlayer/pgfsys-common-pdf.de
f
File: pgfsys-common-pdf.def 2020/01/08 v3.1.5b (3.1.5b)
)))
(/usr/share/texlive/texmf-dist/tex/generic/pgf/systemlayer/pgfsyssoftpath.code.
tex
File: pgfsyssoftpath.code.tex 2020/01/08 v3.1.5b (3.1.5b)
\pgfsyssoftpath@smallbuffer@items=\count280
\pgfsyssoftpath@bigbuffer@items=\count281
)
(/usr/share/texlive/texmf-dist/tex/generic/pgf/systemlayer/pgfsysprotocol.code.
tex
File: pgfsysprotocol.code.tex 2020/01/08 v3.1.5b (3.1.5b)
))
(/usr/share/texlive/texmf-dist/tex/generic/pgf/basiclayer/pgfcore.code.tex
Package: pgfcore 2020/01/08 v3.1.5b (3.1.5b)

(/usr/share/texlive/texmf-dist/tex/generic/pgf/math/pgfmath.code.tex
(/usr/share/texlive/texmf-dist/tex/generic/pgf/math/pgfmathcalc.code.tex
(/usr/share/texlive/texmf-dist/tex/generic/pgf/math/pgfmathutil.code.tex)
(/usr/share/texlive/texmf-dist/tex/generic/pgf/math/pgfmathparser.code.tex
\pgfmath@dimen=\dimen183
\pgfmath@count=\count282
\pgfmath@box=\box54
\pgfmath@toks=\toks39
\pgfmath@stack@operand=\toks40
\pgfmath@stack@operation=\toks41
)
(/usr/share/texlive/texmf-dist/tex/generic/pgf/math/pgfmathfunctions.code.tex
(/usr/share/texlive/texmf-dist/tex/generic/pgf/math/pgfmathfunctions.basic.code
.tex)
(/usr/share/texlive/texmf-dist/tex/generic/pgf/math/pgfmathfunctions.trigonomet
ric.code.tex)
(/usr/share/texlive/texmf-dist/tex/generic/pgf/math/pgfmathfunctions.random.cod
e.tex)
(/usr/share/texlive/texmf-dist/tex/generic/pgf/math/pgfmathfunctions.comparison
.code.tex)
(/usr/share/texlive/texmf-dist/tex/generic/pgf/math/pgfmathfunctions.base.code.
tex)
(/usr/share/texlive/texmf-dist/tex/generic/pgf/math/pgfmathfunctions.round.code
.tex)
(/usr/share/texlive/texmf-dist/tex/generic/pgf/math/pgfmathfunctions.misc.code.
tex)
(/usr/share/texlive/texmf-dist/tex/generic/pgf/math/pgfmathfunctions.integerari
thmetics.code.tex)))
(/usr/share/texlive/texmf-dist/tex/generic/pgf/math/pgfmathfloat.code.tex
\c@pgfmathroundto@lastzeros=\count283
))
(/usr/share/texlive/texmf-dist/tex/generic/pgf/math/pgfint.code.tex)
(/usr/share/texlive/texmf-dist/tex/generic/pgf/basiclayer/pgfcorepoints.code.te
x
File: pgfcorepoints.code.tex 2020/01/08 v3.1.5b (3.1.5b)
\pgf@picminx=\dimen184
\pgf@picmaxx=\dimen185
\pgf@picminy=\dimen186
\pgf@picmaxy=\dimen187
\pgf@pathminx=\dimen188
\pgf@pathmaxx=\dimen189
\pgf@pathminy=\dimen190
\pgf@pathmaxy=\dimen191
\pgf@xx=\dimen192
\pgf@xy=\dimen193
\pgf@yx=\dimen194
\pgf@yy=\dimen195
\pgf@zx=\dimen196
\pgf@zy=\dimen197
)
(/usr/share/texlive/texmf-dist/tex/generic/pgf/basiclayer/pgfcorepathconstruct.
code.tex
File: pgfcorepathconstruct.code.tex 2020/01/08 v3.1.5b (3.1.5b)
\pgf@path@lastx=\dimen198
\pgf@path@lasty=\dimen199
)
(/usr/share/texlive/texmf-dist/tex/generic/pgf/basiclayer/pgfcorepathusage.code
.tex
File: pgfcorepathusage.code.tex 2020/01/08 v3.1.5b (3.1.5b)
\pgf@shorten@end@additional=\dimen256
\pgf@shorten@start@additional=\dimen257
)
(/usr/share/texlive/texmf-dist/tex/generic/pgf/basiclayer/pgfcorescopes.code.te
x
File: pgfcorescopes.code.tex 2020/01/08 v3.1.5b (3.1.5b)
\pgfpic=\box55
\pgf@hbox=\box56
\pgf@layerbox@main=\box57
\pgf@picture@serial@count=\count284
)
(/usr/share/texlive/texmf-dist/tex/generic/pgf/basiclayer/pgfcoregraphicstate.c
ode.tex
File: pgfcoregraphicstate.code.tex 2020/01/08 v3.1.5b (3.1.5b)
\pgflinewidth=\dimen258
)
(/usr/share/texlive/texmf-dist/tex/generic/pgf/basiclayer/pgfcoretransformation
s.code.tex
File: pgfcoretransformations.code.tex 2020/01/08 v3.1.5b (3.1.5b)
\pgf@pt@x=\dimen259
\pgf@pt@y=\dimen260
\pgf@pt@temp=\dimen261
)
(/usr/share/texlive/texmf-dist/tex/generic/pgf/basiclayer/pgfcorequick.code.tex
File: pgfcorequick.code.tex 2020/01/08 v3.1.5b (3.1.5b)
)
(/usr/share/texlive/texmf-dist/tex/generic/pgf/basiclayer/pgfcoreobjects.code.t
ex
File: pgfcoreobjects.code.tex 2020/01/08 v3.1.5b (3.1.5b)
)
(/usr/share/texlive/texmf-dist/tex/generic/pgf/basiclayer/pgfcorepathprocessing
.code.tex
File: pgfcorepathprocessing.code.tex 2020/01/08 v3.1.5b (3.1.5b)
)
(/usr/share/texlive/texmf-dist/tex/generic/pgf/basiclayer/pgfcorearrows.code.te
x
File: pgfcorearrows.code.tex 2020/01/08 v3.1.5b (3.1.5b)
\pgfarrowsep=\dimen262
)
(/usr/share/texlive/texmf-dist/tex/generic/pgf/basiclayer/pgfcoreshade.code.tex
File: pgfcoreshade.code.tex 2020/01/08 v3.1.5b (3.1.5b)
\pgf@max=\dimen263
\pgf@sys@shading@range@num=\count285
\pgf@shadingcount=\count286
)
(/usr/share/texlive/texmf-dist/tex/generic/pgf/basiclayer/pgfcoreimage.code.tex
File: pgfcoreimage.code.tex 2020/01/08 v3.1.5b (3.1.5b)

(/usr/share/texlive/texmf-dist/tex/generic/pgf/basiclayer/pgfcoreexternal.code.
tex
File: pgfcoreexternal.code.tex 2020/01/08 v3.1.5b (3.1.5b)
\pgfexternal@startupbox=\box58
))
(/usr/share/texlive/texmf-dist/tex/generic/pgf/basiclayer/pgfcorelayers.code.te
x
File: pgfcorelayers.code.tex 2020/01/08 v3.1.5b (3.1.5b)
)
(/usr/share/texlive/texmf-dist/tex/generic/pgf/basiclayer/pgfcoretransparency.c
ode.tex
File: pgfcoretransparency.code.tex 2020/01/08 v3.1.5b (3.1.5b)
)
(/usr/share/texlive/texmf-dist/tex/generic/pgf/basiclayer/pgfcorepatterns.code.
tex
File: pgfcorepatterns.code.tex 2020/01/08 v3.1.5b (3.1.5b)
)
(/usr/share/texlive/texmf-dist/tex/generic/pgf/basiclayer/pgfcorerdf.code.tex
File: pgfcorerdf.code.tex 2020/01/08 v3.1.5b (3.1.5b)
)))
(/usr/share/texlive/texmf-dist/tex/generic/pgf/modules/pgfmoduleshapes.code.tex
File: pgfmoduleshapes.code.tex 2020/01/08 v3.1.5b (3.1.5b)
\pgfnodeparttextbox=\box59
) (/usr/share/texlive/texmf-dist/tex/generic/pgf/modules/pgfmoduleplot.code.tex
File: pgfmoduleplot.code.tex 2020/01/08 v3.1.5b (3.1.5b)
)
(/usr/share/texlive/texmf-dist/tex/latex/pgf/compatibility/pgfcomp-version-0-65
.sty
Package: pgfcomp-version-0-65 2020/01/08 v3.1.5b (3.1.5b)
\pgf@nodesepstart=\dimen264
\pgf@nodesepend=\dimen265
)
(/usr/share/texlive/texmf-dist/tex/latex/pgf/compatibility/pgfcomp-version-1-18
.sty
Package: pgfcomp-version-1-18 2020/01/08 v3.1.5b (3.1.5b)
)) (/usr/share/texlive/texmf-dist/tex/latex/pgf/utilities/pgffor.sty
(/usr/share/texlive/texmf-dist/tex/latex/pgf/utilities/pgfkeys.sty
(/usr/share/texlive/texmf-dist/tex/generic/pgf/utilities/pgfkeys.code.tex))
(/usr/share/texlive/texmf-dist/tex/latex/pgf/math/pgfmath.sty
(/usr/share/texlive/texmf-dist/tex/generic/pgf/math/pgfmath.code.tex))
(/usr/share/texlive/texmf-dist/tex/generic/pgf/utilities/pgffor.code.tex
Package: pgffor 2020/01/08 v3.1.5b (3.1.5b)

(/usr/share/texlive/texmf-dist/tex/generic/pgf/math/pgfmath.code.tex)
\pgffor@iter=\dimen266
\pgffor@skip=\dimen267
\pgffor@stack=\toks42
\pgffor@toks=\toks43
))
(/usr/share/texlive/texmf-dist/tex/generic/pgf/frontendlayer/tikz/tikz.code.tex
Package: tikz 2020/01/08 v3.1.5b (3.1.5b)

(/usr/share/texlive/texmf-dist/tex/generic/pgf/libraries/pgflibraryplothandlers
.code.tex
File: pgflibraryplothandlers.code.tex 2020/01/08 v3.1.5b (3.1.5b)
\pgf@plot@mark@count=\count287
\pgfplotmarksize=\dimen268
)
\tikz@lastx=\dimen269
\tikz@lasty=\dimen270
\tikz@lastxsaved=\dimen271
\tikz@lastysaved=\dimen272
\tikz@lastmovetox=\dimen273
\tikz@lastmovetoy=\dimen274
\tikzleveldistance=\dimen275
\tikzsiblingdistance=\dimen276
\tikz@figbox=\box60
\tikz@figbox@bg=\box61
\tikz@tempbox=\box62
\tikz@tempbox@bg=\box63
\tikztreelevel=\count288
\tikznumberofchildren=\count289
\tikznumberofcurrentchild=\count290
\tikz@fig@count=\count291

(/usr/share/texlive/texmf-dist/tex/generic/pgf/modules/pgfmodulematrix.code.tex
File: pgfmodulematrix.code.tex 2020/01/08 v3.1.5b (3.1.5b)
\pgfmatrixcurrentrow=\count292
\pgfmatrixcurrentcolumn=\count293
\pgf@matrix@numberofcolumns=\count294
)
\tikz@expandcount=\count295

(/usr/share/texlive/texmf-dist/tex/generic/pgf/frontendlayer/tikz/libraries/tik
zlibrarytopaths.code.tex
File: tikzlibrarytopaths.code.tex 2020/01/08 v3.1.5b (3.1.5b)
)))
(/usr/share/texlive/texmf-dist/tex/latex/tikz-cd/tikz-cd.sty
Package: tikz-cd 2018/11/19 v0.9f Commutative diagrams with TikZ

(/usr/share/texlive/texmf-dist/tex/generic/tikz-cd/tikzlibrarycd.code.tex
(/usr/share/texlive/texmf-dist/tex/generic/pgf/frontendlayer/tikz/libraries/tik
zlibrarymatrix.code.tex
File: tikzlibrarymatrix.code.tex 2020/01/08 v3.1.5b (3.1.5b)
)
(/usr/share/texlive/texmf-dist/tex/generic/pgf/frontendlayer/tikz/libraries/tik
zlibraryquotes.code.tex
File: tikzlibraryquotes.code.tex 2020/01/08 v3.1.5b (3.1.5b)
)
(/usr/share/texlive/texmf-dist/tex/generic/pgf/libraries/pgflibraryarrows.meta.
code.tex
File: pgflibraryarrows.meta.code.tex 2020/01/08 v3.1.5b (3.1.5b)
\pgfarrowinset=\dimen277
\pgfarrowlength=\dimen278
\pgfarrowwidth=\dimen279
\pgfarrowlinewidth=\dimen280
))) (/usr/share/texlive/texmf-dist/tex/latex/pgfplots/pgfplots.sty
(/usr/share/texlive/texmf-dist/tex/generic/pgfplots/pgfplots.revision.tex)
Package: pgfplots 2018/03/28 v1.16 Data Visualization (1.16)

(/usr/share/texlive/texmf-dist/tex/generic/pgfplots/pgfplots.code.tex
(/usr/share/texlive/texmf-dist/tex/generic/pgfplots/pgfplotscore.code.tex
\t@pgfplots@toka=\toks44
\t@pgfplots@tokb=\toks45
\t@pgfplots@tokc=\toks46
\pgfplots@tmpa=\dimen281
\c@pgfplots@coordindex=\count296
\c@pgfplots@scanlineindex=\count297

(/usr/share/texlive/texmf-dist/tex/generic/pgfplots/sys/pgfplotssysgeneric.code
.tex))
(/usr/share/texlive/texmf-dist/tex/generic/pgfplots/libs/pgfplotslibrary.code.t
ex)
(/usr/share/texlive/texmf-dist/tex/generic/pgfplots/oldpgfcompatib/pgfplotsoldp
gfsupp_loader.code.tex
(/usr/share/texlive/texmf-dist/tex/generic/pgf/libraries/pgflibraryfpu.code.tex
))
(/usr/share/texlive/texmf-dist/tex/generic/pgfplots/util/pgfplotsutil.code.tex
(/usr/share/texlive/texmf-dist/tex/generic/pgfplots/liststructure/pgfplotslists
tructure.code.tex)
(/usr/share/texlive/texmf-dist/tex/generic/pgfplots/liststructure/pgfplotslists
tructureext.code.tex)
(/usr/share/texlive/texmf-dist/tex/generic/pgfplots/liststructure/pgfplotsarray
.code.tex
\c@pgfplotsarray@tmp=\count298
)
(/usr/share/texlive/texmf-dist/tex/generic/pgfplots/liststructure/pgfplotsmatri
x.code.tex)
(/usr/share/texlive/texmf-dist/tex/generic/pgfplots/numtable/pgfplotstableshare
d.code.tex
\c@pgfplotstable@counta=\count299
\t@pgfplotstable@a=\toks47
)
(/usr/share/texlive/texmf-dist/tex/generic/pgfplots/liststructure/pgfplotsdeque
.code.tex)
(/usr/share/texlive/texmf-dist/tex/generic/pgfplots/util/pgfplotsbinary.code.te
x
(/usr/share/texlive/texmf-dist/tex/generic/pgfplots/util/pgfplotsbinary.data.co
de.tex))
(/usr/share/texlive/texmf-dist/tex/generic/pgfplots/util/pgfplotsutil.verb.code
.tex)
(/usr/share/texlive/texmf-dist/tex/generic/pgfplots/libs/pgflibrarypgfplots.sur
fshading.code.tex
\c@pgfplotslibrarysurf@no=\count300

(/usr/share/texlive/texmf-dist/tex/generic/pgfplots/sys/pgflibrarypgfplots.surf
shading.pgfsys-pdftex.def)))
(/usr/share/texlive/texmf-dist/tex/generic/pgfplots/util/pgfplotscolormap.code.
tex
(/usr/share/texlive/texmf-dist/tex/generic/pgfplots/util/pgfplotscolor.code.tex
))
(/usr/share/texlive/texmf-dist/tex/generic/pgfplots/pgfplotsstackedplots.code.t
ex)
(/usr/share/texlive/texmf-dist/tex/generic/pgfplots/pgfplotsplothandlers.code.t
ex
(/usr/share/texlive/texmf-dist/tex/generic/pgfplots/pgfplotsmeshplothandler.cod
e.tex
(/usr/share/texlive/texmf-dist/tex/generic/pgfplots/pgfplotsmeshplotimage.code.
tex)))
(/usr/share/texlive/texmf-dist/tex/generic/pgfplots/pgfplots.scaling.code.tex)
(/usr/share/texlive/texmf-dist/tex/generic/pgfplots/pgfplotscoordprocessing.cod
e.tex)
(/usr/share/texlive/texmf-dist/tex/generic/pgfplots/pgfplots.errorbars.code.tex
) (/usr/share/texlive/texmf-dist/tex/generic/pgfplots/pgfplots.markers.code.tex
) (/usr/share/texlive/texmf-dist/tex/generic/pgfplots/pgfplotsticks.code.tex)
(/usr/share/texlive/texmf-dist/tex/generic/pgfplots/pgfplots.paths.code.tex)
(/usr/share/texlive/texmf-dist/tex/generic/pgf/frontendlayer/tikz/libraries/tik
zlibrarydecorations.code.tex
(/usr/share/texlive/texmf-dist/tex/generic/pgf/modules/pgfmoduledecorations.cod
e.tex
\pgfdecoratedcompleteddistance=\dimen282
\pgfdecoratedremainingdistance=\dimen283
\pgfdecoratedinputsegmentcompleteddistance=\dimen284
\pgfdecoratedinputsegmentremainingdistance=\dimen285
\pgf@decorate@distancetomove=\dimen286
\pgf@decorate@repeatstate=\count301
\pgfdecorationsegmentamplitude=\dimen287
\pgfdecorationsegmentlength=\dimen288
)
\tikz@lib@dec@box=\box64
)
(/usr/share/texlive/texmf-dist/tex/generic/pgf/frontendlayer/tikz/libraries/tik
zlibrarydecorations.pathmorphing.code.tex
(/usr/share/texlive/texmf-dist/tex/generic/pgf/libraries/decorations/pgflibrary
decorations.pathmorphing.code.tex))
(/usr/share/texlive/texmf-dist/tex/generic/pgf/frontendlayer/tikz/libraries/tik
zlibrarydecorations.pathreplacing.code.tex
(/usr/share/texlive/texmf-dist/tex/generic/pgf/libraries/decorations/pgflibrary
decorations.pathreplacing.code.tex))
\pgfplots@numplots=\count302
\pgfplots@xmin@reg=\dimen289
\pgfplots@xmax@reg=\dimen290
\pgfplots@ymin@reg=\dimen291
\pgfplots@ymax@reg=\dimen292
\pgfplots@zmin@reg=\dimen293
\pgfplots@zmax@reg=\dimen294
)
(/usr/share/texlive/texmf-dist/tex/generic/pgf/frontendlayer/tikz/libraries/tik
zlibraryplotmarks.code.tex
File: tikzlibraryplotmarks.code.tex 2020/01/08 v3.1.5b (3.1.5b)

(/usr/share/texlive/texmf-dist/tex/generic/pgf/libraries/pgflibraryplotmarks.co
de.tex
File: pgflibraryplotmarks.code.tex 2020/01/08 v3.1.5b (3.1.5b)
)))
(/usr/share/texlive/texmf-dist/tex/latex/l3backend/l3backend-pdfmode.def
File: l3backend-pdfmode.def 2020-02-03 L3 backend support: PDF mode
\l__kernel_color_stack_int=\count303
\l__pdf_internal_box=\box65
)
(./AR_analysis_.aux)
\openout1 = `AR_analysis_.aux'.

LaTeX Font Info:    Checking defaults for OML/cmm/m/it on input line 93.
LaTeX Font Info:    ... okay on input line 93.
LaTeX Font Info:    Checking defaults for OMS/cmsy/m/n on input line 93.
LaTeX Font Info:    ... okay on input line 93.
LaTeX Font Info:    Checking defaults for OT1/cmr/m/n on input line 93.
LaTeX Font Info:    ... okay on input line 93.
LaTeX Font Info:    Checking defaults for T1/cmr/m/n on input line 93.
LaTeX Font Info:    ... okay on input line 93.
LaTeX Font Info:    Checking defaults for TS1/cmr/m/n on input line 93.
LaTeX Font Info:    ... okay on input line 93.
LaTeX Font Info:    Checking defaults for OMX/cmex/m/n on input line 93.
LaTeX Font Info:    ... okay on input line 93.
LaTeX Font Info:    Checking defaults for U/cmr/m/n on input line 93.
LaTeX Font Info:    ... okay on input line 93.

(/usr/share/texlive/texmf-dist/tex/context/base/mkii/supp-pdf.mkii
[Loading MPS to PDF converter (version 2006.09.02).]
\scratchcounter=\count304
\scratchdimen=\dimen295
\scratchbox=\box66
\nofMPsegments=\count305
\nofMParguments=\count306
\everyMPshowfont=\toks48
\MPscratchCnt=\count307
\MPscratchDim=\dimen296
\MPnumerator=\count308
\makeMPintoPDFobject=\count309
\everyMPtoPDFconversion=\toks49
) (/usr/share/texlive/texmf-dist/tex/latex/epstopdf-pkg/epstopdf-base.sty
Package: epstopdf-base 2020-01-24 v2.11 Base part for package epstopdf
Package epstopdf-base Info: Redefining graphics rule for `.eps' on input line 4
85.

(/usr/share/texlive/texmf-dist/tex/latex/latexconfig/epstopdf-sys.cfg
File: epstopdf-sys.cfg 2010/07/13 v1.3 Configuration of (r)epstopdf for TeX Liv
e
))
ABD: EverySelectfont initializing macros
LaTeX Info: Redefining \selectfont on input line 93.
\c@maskedRefs=\count310

(/usr/share/texlive/texmf-dist/tex/latex/apacite/english.apc
File: english.apc 2013/07/21 v6.03 apacite language file
LaTeX Info: Redefining \BPBI on input line 129.
LaTeX Info: Redefining \BHBI on input line 130.
)
\symgns@font=\mathgroup4
LaTeX Font Info:    Overwriting symbol font `gns@font' in version `bold'
(Font)                  TS1/cmr/m/n --> TS1/cmr/b/n on input line 93.
Package gensymb Info: Math companion symbols declared on input line 93.
LaTeX Info: Redefining \degree on input line 93.
LaTeX Info: Redefining \celsius on input line 93.
Package gensymb Info: Using text companion symbols for \degree, \celsius and \p
erthousand on input line 93.
LaTeX Info: Redefining \ohm on input line 93.
Package gensymb Info: Using \textohm for \ohm on input line 93.
Package gensymb Info: Using \textmu for \micro on input line 93.

ABD: EveryShipout initializing macros
Package pgfplots notification 'compat/show suggested version=true': you might b
enefit from \pgfplotsset{compat=1.16} (current compat level: 1.14).


Overfull \hbox (17.09889pt too wide) in paragraph at lines 160--161
[]\OT1/cmr/m/n/10 Atmospheric Rivers (ARs) cor-re-late to a one week in-crease 
in daily min-i-mum tem- 
 []


Overfull \hbox (10.68233pt too wide) in paragraph at lines 162--164
[]\OT1/cmr/m/n/10 Robust ARs oc-cur-ing dur-ing the cold-est pe-riod of the yea
r ap-pear to pro-long the 
 []


Overfull \hbox (7.62688pt too wide) in paragraph at lines 165--167
[]\OT1/cmr/m/n/10 ARs ac-count for about one third (36%) of to-tal pre-cip-i-ta
-tion and ex-plain al-most 
 []

[1{/var/lib/texmf/fonts/map/pdftex/updmap/pdftex.map}]
Overfull \hbox (6.57123pt too wide) in paragraph at lines 194--207
[]\OT1/cmr/m/n/10 Atmospheric rivers (ARs) trans-port vast amounts of mois-ture
 from low lat-i-tudes, 
 []


Overfull \hbox (5.84908pt too wide) in paragraph at lines 194--207
\OT1/cmr/m/n/10 mainly the Trop-ics, to high lat-i-tude re-gions. One re-gion p
ar-tic-u-larly im-pacted by ARs 
 []


Overfull \hbox (10.96008pt too wide) in paragraph at lines 194--207
\OT1/cmr/m/n/10 is Alaska USA. We an-a-lyze the role of ARs in rais-ing lo-cal 
tem-per-a-tures, their ef-fect on 
 []


Overfull \hbox (8.09909pt too wide) in paragraph at lines 194--207
\OT1/cmr/m/n/10 pre-cip-i-ta-tion vari-abil-ity, and their in-flu-ence on the a
n-nual river ice breakup date for 25 
 []


Overfull \hbox (3.68234pt too wide) in paragraph at lines 194--207
\OT1/cmr/m/n/10 lo-ca-tions. Pre-cip-i-ta-tion and tem-per-a-ture records were 
pro-vided by Daymet, with ARs 
 []


Overfull \hbox (6.77957pt too wide) in paragraph at lines 194--207
\OT1/cmr/m/n/10 de-ter-mined from the Guan and Waliser track-ing al-go-rithm. W
e found ARs in-crease lo- 
 []


Overfull \hbox (7.15459pt too wide) in paragraph at lines 194--207
\OT1/cmr/m/n/10 cal tem-per-a-tures for as long as one week post land-fall, ac-
count for 36% of to-tal pre-cip- 
 []


Overfull \hbox (6.12697pt too wide) in paragraph at lines 194--207
\OT1/cmr/m/n/10 i-ta-tion and ex-plain 48% of pre-cip-i-ta-tion vari-abil-ity. 
Cal-cu-lat-ing the heat trans-port be- 
 []


Overfull \hbox (8.32115pt too wide) in paragraph at lines 194--207
\OT1/cmr/m/n/10 tween ARs and river ice, fused with a tem-po-ral bias, we con-c
lude that heavy pre-cip-i-ta- 
 []


Overfull \hbox (16.09903pt too wide) in paragraph at lines 194--207
\OT1/cmr/m/n/10 tion events (HPEs) dur-ing the cold-est pe-riod of the year pro
-long river ice breakup dates, 
 []


Overfull \hbox (3.4046pt too wide) in paragraph at lines 194--207
\OT1/cmr/m/n/10 while HPEs oc-cur-ring close to the breakup date have lit-tle i
m-pact on breakup tim-ing.  
 []


LaTeX Font Warning: Font shape `OT1/cmr/m/n' in size <10.5> not available
(Font)              size <10.95> substituted on input line 211.


LaTeX Font Warning: Font shape `OT1/cmr/bx/n' in size <10.5> not available
(Font)              size <10.95> substituted on input line 211.


Overfull \hbox (12.57115pt too wide) in paragraph at lines 213--228
[]\OT1/cmr/m/n/10 We strate-gi-cally se-lected 25 lo-ca-tions with an-nual rive
r ice breakup dates recorded 
 []


Overfull \hbox (8.87686pt too wide) in paragraph at lines 213--228
\OT1/cmr/m/n/10 through-out In-te-rior Alaska. Across all lo-ca-tions, we de-te
r-mined that daily tem-per-a-ture 
 []


Overfull \hbox (1.68227pt too wide) in paragraph at lines 213--228
\OT1/cmr/m/n/10 in-creases by up to one week post an at-mo-spheric river (AR). 
We also found that ARs 
 []


Overfull \hbox (10.76587pt too wide) in paragraph at lines 213--228
\OT1/cmr/m/n/10 ac-count for 36% of to-tal an-nual pre-cip-i-ta-tion from 1980 
to 2023 and ex-plain 48% of the 
 []


Overfull \hbox (4.48792pt too wide) in paragraph at lines 213--228
\OT1/cmr/m/n/10 vari-abil-ity of pre-cip-i-ta-tion. We then cal-cu-lated the to
-tal heat trans-fer be-tween pre-cip- 
 []


Overfull \hbox (10.09908pt too wide) in paragraph at lines 213--228
\OT1/cmr/m/n/10 i-ta-tion and river ice while tak-ing into ac-count a bias func
-tion for time. Sur-pris-ingly, we 
 []


Overfull \hbox (1.8769pt too wide) in paragraph at lines 213--228
\OT1/cmr/m/n/10 found that heavy pre-cip-i-ta-tion events (HPEs), both lo-cal p
re-cip-i-ta-tion and ARs, that 
 []


Overfull \hbox (1.01564pt too wide) in paragraph at lines 213--228
\OT1/cmr/m/n/10 oc-cur rel-a-tively close to river ice breakup dates, have lit-
tle cor-re-la-tion to the breakup 
 []


Overfull \hbox (16.07123pt too wide) in paragraph at lines 213--228
\OT1/cmr/m/n/10 date. How-ever, HPEs that oc-cur dur-ing the cold-est pe-riod o
f the year (typ-i-cally late De- 
 []


Overfull \hbox (9.82126pt too wide) in paragraph at lines 213--228
\OT1/cmr/m/n/10 cem-ber to mid-January) are strongly in-versely cor-re-lated wi
th river ice breakup tim-ing, 
 []


Overfull \hbox (21.34895pt too wide) in paragraph at lines 262--302
[]\OT1/cmr/m/n/10 Atmospheric rivers (ARs) are nar-row cor-ri-dors of in-tense 
wa-ter va-por trans-port that 
 []


Overfull \hbox (2.48798pt too wide) in paragraph at lines 262--302
\OT1/cmr/m/n/10 sig-nif-i-cantly in-flu-ence hy-dro-logic events, trans-port-in
g most of the wa-ter va-por out-side 
 []


Overfull \hbox (9.01561pt too wide) in paragraph at lines 262--302
\OT1/cmr/m/n/10 of the Trop-ics []USDOC, 2023). It is es-ti-mated that ARs are 
re-spon-si-ble for as much as 
 []


Overfull \hbox (13.90462pt too wide) in paragraph at lines 262--302
\OT1/cmr/m/n/10 90% of pole-ward wa-ter va-por trans-port at mid-lat-i-tudes []
Zhu & Newell, 1998). ARs con- 
 []


Overfull \hbox (13.43231pt too wide) in paragraph at lines 262--302
\OT1/cmr/m/n/10 tribute to ex-treme pre-cip-i-ta-tion events across var-i-ous r
e-gions world-wide, in-clud-ing west- 
 []


Overfull \hbox (20.16852pt too wide) in paragraph at lines 262--302
\OT1/cmr/m/n/10 ern North Amer-ica []Dettinger et al.[], 2004; Neiman et al.[],
 2008; Guan et al.[], 2010; Paul J. 
 []


Overfull \hbox (33.21024pt too wide) in paragraph at lines 262--302
\OT1/cmr/m/n/10 et al.[], 2011; Ralph et al.[], 2006; F. Mar-tin et al.[], 2019
; Det-tinger et al.[], 2011) Eu-rope []Lavers 
 []


Overfull \hbox (6.46017pt too wide) in paragraph at lines 262--302
\OT1/cmr/m/n/10 et al.[], 2013; Har-ald & An-dreas, 2013), and west-ern South A
mer-ica []Viale et al.[], 2018). 
 []


Overfull \hbox (2.62666pt too wide) in paragraph at lines 262--302
\OT1/cmr/m/n/10 In re-cent years, the im-pacts of ARs on the cryosphere have be
en more ex-ten-sively an- 
 []


Overfull \hbox (12.32126pt too wide) in paragraph at lines 262--302
\OT1/cmr/m/n/10 a-lyzed. It was found that be-tween 1981 and 2020 at-mo-spheric
 mois-ture con-tent an-ti-cor- 
 []


Overfull \hbox (3.68225pt too wide) in paragraph at lines 262--302
\OT1/cmr/m/n/10 re-lates sig-nif-i-cantly with sea ice con-cen-tra-tion over al
-most the en-tire Arc-tic Ocean []Li 
 []


Overfull \hbox (3.71017pt too wide) in paragraph at lines 262--302
\OT1/cmr/m/n/10 et al.[], 2022). For those same years, an-other anal-y-sis foun
d that 100% of ex-treme tem- 
 []


Overfull \hbox (8.0995pt too wide) in paragraph at lines 262--302
\OT1/cmr/m/n/10 per-a-ture events in the Arc-tic (above 0 $\TS1/cmr/m/n/10 °\OM
L/cmm/m/it/10 C$\OT1/cmr/m/n/10 ) co-in-cides with ARs []Ma et al.[], 2023). Ma
ny 
 []


Overfull \hbox (3.18228pt too wide) in paragraph at lines 262--302
\OT1/cmr/m/n/10 anal-y-ses have noted a re-la-tion-ship be-tween heavy AR ac-ti
v-ity and sea ice loss, caused 
 []


Overfull \hbox (36.0158pt too wide) in paragraph at lines 262--302
\OT1/cmr/m/n/10 by in-creased rain-fall from mois-ture orig-i-nat-ing in lower 
lat-i-tudes []Zhang et al.[], 2023; Maclen- 
 []


Overfull \hbox (18.1545pt too wide) in paragraph at lines 262--302
\OT1/cmr/m/n/10 nan et al.[], 2022). How-ever Arc-tic sys-tems are com-pli-cate
d, as the in-tense mois-ture trans- 
 []


Overfull \hbox (0.96008pt too wide) in paragraph at lines 262--302
\OT1/cmr/m/n/10 port within ARs can also re-sult in heavy snow-fall events, thu
s con-tribut-ing to the ac- 
 []


Overfull \hbox (12.1408pt too wide) in paragraph at lines 262--302
\OT1/cmr/m/n/10 cu-mu-la-tion of snow-pack, es-pe-cially in moun-tain-ous re-gi
ons []Saavedra et al.[], 2020; Guan 
 []


Overfull \hbox (13.76578pt too wide) in paragraph at lines 262--302
\OT1/cmr/m/n/10 et al.[], 2010). Un-der the right con-di-tions, this re-la-tion
-ship has been found to ac-tu-ally in- 
 []


Overfull \hbox (6.12674pt too wide) in paragraph at lines 262--302
\OT1/cmr/m/n/10 crease the mass bal-ance of glaciers []Little et al.[], 2019). 
Un-der-stand-ing the role of ARs 
 []


Overfull \hbox (24.8489pt too wide) in paragraph at lines 262--302
\OT1/cmr/m/n/10 in the cryosphere is es-sen-tial for as-sess-ing their broader 
im-pact on re-gional wa-ter re-sources 
 []


Overfull \hbox (13.68239pt too wide) in paragraph at lines 262--302
\OT1/cmr/m/n/10 and glacier dy-nam-ics in a chang-ing cli-mate. While a num-ber
 of works have ex-plored the 
 []


Overfull \hbox (4.40451pt too wide) in paragraph at lines 262--302
\OT1/cmr/m/n/10 re-la-tion-ship be-tween ARs and sea ice, to our knowl-edge the
re haven't been any anal-y- 
 []


Overfull \hbox (21.29338pt too wide) in paragraph at lines 262--302
\OT1/cmr/m/n/10 ses that look at the re-la-tion-ship be-tween ARs and Arc-tic r
iver ice. Many works have used 
 []


Overfull \hbox (1.98792pt too wide) in paragraph at lines 262--302
\OT1/cmr/m/n/10 physics based pro-cesses and al-lo-met-rics to model the an-nua
l breakup tim-ing and con- 
 []


Overfull \hbox (2.26567pt too wide) in paragraph at lines 262--302
\OT1/cmr/m/n/10 di-tions of Arc-tic river ice []Paily et al.[], 1974; Ash-ton, 
1986; Prowse et al.[], 2007; Jasek, 
 []


Overfull \hbox (3.23787pt too wide) in paragraph at lines 262--302
\OT1/cmr/m/n/10 1998; Shen, 2010). While it is rec-og-nized that an in-crease i
n stream-flow al-ters the dy- 
 []


Overfull \hbox (8.87688pt too wide) in paragraph at lines 262--302
\OT1/cmr/m/n/10 nam-ics sur-round-ing river ice breakup tim-ing []Ashton, 1986)
, the re-la-tion-ship pre-cip-i-ta- 
 []


Overfull \hbox (3.57121pt too wide) in paragraph at lines 262--302
\OT1/cmr/m/n/10 tion, and to that end AR tim-ing, has on Arc-tic river ice has 
yet to be ex-am-ined. This 
 []


Overfull \hbox (8.73782pt too wide) in paragraph at lines 262--302
\OT1/cmr/m/n/10 anal-y-sis sets out to an-swer the fol-low-ing ques-tions: 1.) 
Is there a change in air tem-per- 
 []


Overfull \hbox (12.93236pt too wide) in paragraph at lines 262--302
\OT1/cmr/m/n/10 a-ture for each lo-ca-tion cor-re-spond-ing to the tim-ing of A
Rs? 2.) How do ARs con-tribute 
 []


Overfull \hbox (6.23796pt too wide) in paragraph at lines 262--302
\OT1/cmr/m/n/10 to pre-cip-i-ta-tion through-out in-te-rior Alaska? 3.) Do ARs 
im-pact the tim-ing of river ice 
 []

[2]
Overfull \hbox (10.87677pt too wide) in paragraph at lines 305--345
[]\OT1/cmr/m/n/10 Similar to pre-vi-ous stud-ies, we de-fine ARs us-ing in-te-g
rated va-por trans-port (IVT) 
 []


Overfull \hbox (6.01569pt too wide) in paragraph at lines 305--345
\OT1/cmr/m/n/10 val-ues con-structed from 6-hourly val-ues of 3-D wind and wa-t
er va-por at eight pres-sure 
 []


Overfull \hbox (21.07132pt too wide) in paragraph at lines 305--345
\OT1/cmr/m/n/10 lev-els be-tween 300 and 1,000 mb from the NCEP/NCAR re-anal-y-
sis data prod-uct []Kalnay 
 []


Overfull \hbox (25.22404pt too wide) in paragraph at lines 305--345
\OT1/cmr/m/n/10 et al.[], 1996). AR de-tec-tion is based on ver-sion3 of the tA
R-get al-go-rithm []Guan & Waliser, 
 []


Overfull \hbox (18.19629pt too wide) in paragraph at lines 305--345
\OT1/cmr/m/n/10 2019; Guan, 2022). The IVT val-ues are cal-cu-lated at the orig
-i-nal res-o-lu-tion from the Na- 
 []


Overfull \hbox (8.93245pt too wide) in paragraph at lines 305--345
\OT1/cmr/m/n/10 tional Cen-ter for En-vi-ron-men-tal Pro-tec-tion (NCEP) me-te-
o-ro-log-i-cal in-puts []Saha et al.[], 
 []


Overfull \hbox (9.87682pt too wide) in paragraph at lines 305--345
\OT1/cmr/m/n/10 2010). AR fre-quency for a given pe-riod within each grid cell 
is cal-cu-lated by tak-ing the 
 []


Overfull \hbox (11.54353pt too wide) in paragraph at lines 305--345
\OT1/cmr/m/n/10 num-ber of days that de-tect an AR and di-vid-ing by the to-tal
 num-ber of days in that pe- 
 []


Overfull \hbox (11.51558pt too wide) in paragraph at lines 305--345
\OT1/cmr/m/n/10 riod. There-fore, for a given grid cell, AR fre-quency of 0% me
ans there were no AR con- 
 []


Overfull \hbox (11.73788pt too wide) in paragraph at lines 305--345
\OT1/cmr/m/n/10 di-tions at any of the time steps and fre-quency of 100% means 
there were AR con-di-tions 
 []


Overfull \hbox (2.32123pt too wide) in paragraph at lines 305--345
\OT1/cmr/m/n/10 at ev-ery time step. Guan and Waliser []Guan & Waliser, 2015) d
e-vel-oped a global AR 
 []


Overfull \hbox (8.98799pt too wide) in paragraph at lines 305--345
\OT1/cmr/m/n/10 de-tec-tion al-go-rithm, which was up-dated and val-i-dated lat
er with in situ and drop-sonde 
 []


Overfull \hbox (9.44627pt too wide) in paragraph at lines 305--345
\OT1/cmr/m/n/10 data []Guan, 2022). This al-go-rithm is em-ployed for our study
, which is based on a com- 
 []


Overfull \hbox (3.6824pt too wide) in paragraph at lines 305--345
\OT1/cmr/m/n/10 bi-na-tion of the IVT mag-ni-tude, di-rec-tion, and ge-om-e-try
 char-ac-ter-is-tics, to ob-jec-tively 
 []


Overfull \hbox (22.9324pt too wide) in paragraph at lines 305--345
\OT1/cmr/m/n/10 iden-tify ARs. Con-tigu-ous re-gions of en-hanced IVT trans-por
t are first iden-ti-fied from mag- 
 []


Overfull \hbox (11.5435pt too wide) in paragraph at lines 305--345
\OT1/cmr/m/n/10 ni-tude thresh-old-ing (i.e., grid cells with IVT above the sea
-son-ally and re-gion-ally de-pen- 
 []


Overfull \hbox (13.94048pt too wide) in paragraph at lines 305--345
\OT1/cmr/m/n/10 dent $85[]$ per-centile) and fur-ther fil-tered us-ing di-rec-t
ional and ge-om-e-try cri-te-ria re-quire- 
 []


Overfull \hbox (23.23712pt too wide) in paragraph at lines 305--345
\OT1/cmr/m/n/10 ments. The de-tec-tion al-go-rithm was ap-plied to NCEP in its 
na-tive res-o-lu-tion of $2\OML/cmm/m/it/10 :\OT1/cmr/m/n/10 5\TS1/cmr/m/n/10 °
$\OT1/cmr/m/n/10 . This 
 []


Overfull \hbox (3.48792pt too wide) in paragraph at lines 305--345
\OT1/cmr/m/n/10 de-tec-tion al-go-rithm had over []90% agree-ment in de-tected 
AR land-fall dates with other 
 []


Overfull \hbox (10.57124pt too wide) in paragraph at lines 305--345
\OT1/cmr/m/n/10 meth-ods for de-tect-ing ARs made for West-ern North Amer-ica [
]Neiman et al.[], 2008), the 
 []


Overfull \hbox (10.16856pt too wide) in paragraph at lines 305--345
\OT1/cmr/m/n/10 United King-dom []Lavers et al.[], 2011), and East Antarc-tica 
[]Gorodetskaya et al.[], 2014). 
 []


Overfull \hbox (17.0992pt too wide) in paragraph at lines 305--345
\OT1/cmr/m/n/10 Pre-cip-i-ta-tion and daily min-i-mum and max-i-mum tem-per-a-t
ures (tmin and tmax) were im- 
 []


Overfull \hbox (10.73816pt too wide) in paragraph at lines 305--345
\OT1/cmr/m/n/10 ported from Oak Ridge Na-tional Lab-o-ra-tory's Daymet 1kmx1km 
daily prod-uct, via the 
 []


Overfull \hbox (7.07118pt too wide) in paragraph at lines 305--345
\OT1/cmr/m/n/10 Dis-tributed Ac-tive Archive Cen-ter []M. Thorn-ton et al.[], 2
022). River ice breakup dates 
 []


Overfull \hbox (11.54335pt too wide) in paragraph at lines 305--345
\OT1/cmr/m/n/10 were col-lected from the Alaska Pa-cific River Fore-cast Cen-te
r database (APRFC). While 
 []


Overfull \hbox (7.6824pt too wide) in paragraph at lines 305--345
\OT1/cmr/m/n/10 ex-act co-or-di-nates were un-avail-able, co-or-di-nates were a
p-prox-i-mated based on prox-im-ity 
 []


Overfull \hbox (38.62689pt too wide) in paragraph at lines 305--345
\OT1/cmr/m/n/10 to weather sta-tions and air-ports to main-tain spa-tial con-si
s-tency with in-puts used in Daymet's 
 []


Overfull \hbox (15.54349pt too wide) in paragraph at lines 305--345
\OT1/cmr/m/n/10 me-te-o-ro-log-i-cal mod-els. 25 lo-ca-tions were iden-ti-fied 
as hav-ing at least 35 breakup records 
 []


Overfull \hbox (1.9046pt too wide) in paragraph at lines 305--345
\OT1/cmr/m/n/10 be-tween 1980 and 2023 (the cur-rent tem-po-ral avail-abil-ity 
of Daymet). 35 was used as 
 []


Overfull \hbox (16.07121pt too wide) in paragraph at lines 305--345
\OT1/cmr/m/n/10 the thresh-old be-cause it al-lowed for the great-est num-ber o
f lo-ca-tions with the most com- 
 []

<./images/concatenated_maps_precip_temp_plot.png, id=26, 1300.86pt x 1011.78pt>

File: ./images/concatenated_maps_precip_temp_plot.png Graphic file (type png)
<use ./images/concatenated_maps_precip_temp_plot.png>
Package pdftex.def Info: ./images/concatenated_maps_precip_temp_plot.png  used 
on input line 348.
(pdftex.def)             Requested size: 397.48499pt x 309.15594pt.

Underfull \hbox (badness 10000) in paragraph at lines 358--358
[]\OT1/cmr/bx/n/9 Figure  1. \OT1/cmr/m/n/9 Top: (left) map show-ing sum-mated 
pre-cip-i-ta-tion for the year 2021; (right) map of
 []


Underfull \hbox (badness 10000) in paragraph at lines 358--358
\OT1/cmr/m/n/9 av-er-age tem-per-a-ture for 2021. Bot-tom: One of the 25 lo-ca-
tions (Crooked Creek on the Kuskok-
 []


Underfull \hbox (badness 10000) in paragraph at lines 358--358
\OT1/cmr/m/n/9 wim River) for the year 2021. Yel-low, or-ange, red rep-re-sents
 the tem-per-a-ture pro-files (fill plot
 []


Underfull \hbox (badness 10000) in paragraph at lines 358--358
\OT1/cmr/m/n/9 of tmin - tmax) from NCEP tem-per-a-ture data at 850, 925 and 10
00mb re-spec-tively. Light green
 []


Underfull \hbox (badness 10000) in paragraph at lines 358--358
\OT1/cmr/m/n/9 rep-re-sents Daymet tem-per-a-ture pro-file. Dark blue shows mod
-eled pre-cip-i-ta-tion from Daymet
 []


Underfull \hbox (badness 10000) in paragraph at lines 358--358
\OT1/cmr/m/n/9 while the light blue stem plots de-pict AR events. The pur-ple d
ashed line shows the breakup date
 []


Overfull \hbox (25.48793pt too wide) in paragraph at lines 362--369
[]\OT1/cmr/m/n/10 Daymet pre-cip-i-ta-tion, tmin and tmax were used in our anal
-y-sis as they have a strong 
 []


Overfull \hbox (1.71013pt too wide) in paragraph at lines 362--369
\OT1/cmr/m/n/10 agree-ment with NCEP tem-per-a-ture out-puts for our re-gion of
 in-ter-est Fig-ure 1[]. Ad-di- 
 []


Overfull \hbox (1.23793pt too wide) in paragraph at lines 362--369
\OT1/cmr/m/n/10 tion-ally, be-cause Daymet is de-rived di-rectly from in-situ i
n-stru-ments and me-te-o-ro-log- 
 []


Overfull \hbox (4.04346pt too wide) in paragraph at lines 362--369
\OT1/cmr/m/n/10 i-cal sta-tions, it rep-re-sents a ro-bust stan-dard for pre-ci
p-i-ta-tion and tem-per-a-ture pre-dic- 
 []


Overfull \hbox (4.76561pt too wide) in paragraph at lines 372--393
[]\OT1/cmr/m/n/10 To de-ter-mine the im-pact that ARs have on lo-cal tem-per-a-
ture, we used a vary-ing 
 []


Overfull \hbox (4.79341pt too wide) in paragraph at lines 372--393
\OT1/cmr/m/n/10 tem-po-ral win-dow com-bined with a pair-wise t-test. For each 
AR oc-curence, a look-back 
 []


Overfull \hbox (5.93228pt too wide) in paragraph at lines 372--393
\OT1/cmr/m/n/10 win-dow and fore-cast win-dow each equal to n days in length wa
s cre-ated be-fore and af- 
 []


Overfull \hbox (15.85094pt too wide) in paragraph at lines 372--393
\OT1/cmr/m/n/10 ter the AR date, re-spec-tively, whereby: $\OML/cmm/m/it/10 n \
OMS/cmsy/m/n/10 2 f\OT1/cmr/m/n/10 1\OML/cmm/m/it/10 ; \OT1/cmr/m/n/10 2\OML/cm
m/m/it/10 ; \OT1/cmr/m/n/10 3\OML/cmm/m/it/10 ; [] ; \OT1/cmr/m/n/10 14\OMS/cms
y/m/n/10 g$\OT1/cmr/m/n/10 . For val-ues of n greater than 
 []


Overfull \hbox (13.07123pt too wide) in paragraph at lines 372--393
\OT1/cmr/m/n/10 one the mean was taken within each win-dow for tmin and tmax. T
hese ag-gre-gated tem- 
 []


Overfull \hbox (15.04338pt too wide) in paragraph at lines 372--393
\OT1/cmr/m/n/10 per-a-tures were then cal-cu-lated over all lo-ca-tions. Ag-gre
-gated tem-per-a-ture pairs were as- 
 []


Overfull \hbox (9.7933pt too wide) in paragraph at lines 372--393
\OT1/cmr/m/n/10 sessed us-ing a one tailed pair-wise t-test to test whether ARs
 in-crease lo-cal tem-per-a-ture 
 []


Overfull \hbox (6.0607pt too wide) in paragraph at lines 372--393
\OT1/cmr/m/n/10 over a pe-riod of time $(\OML/cmm/m/it/10  \OT1/cmr/m/n/10 = 0
\OML/cmm/m/it/10 :\OT1/cmr/m/n/10 05)$. We ex-plored how ARs com-pare to lo-cal
 pre-cip-i-ta-tion 
 []


Overfull \hbox (13.07127pt too wide) in paragraph at lines 372--393
\OT1/cmr/m/n/10 events by sep-a-rat-ing out pre-cip-i-ta-tion caused by an AR a
nd pre-cip-i-ta-tion not caused by 
 []


Overfull \hbox (8.87671pt too wide) in paragraph at lines 372--393
\OT1/cmr/m/n/10 an AR. We then use the Wilcoxon rank-sum test to test the hy-po
th-e-sis that AR events 
 []


Overfull \hbox (7.37688pt too wide) in paragraph at lines 372--393
\OT1/cmr/m/n/10 tend to pro-duce more pre-cip-i-ta-tion than lo-cal pre-cip-i-t
a-tion events (the dis-tri-bu-tions of 
 []


Overfull \hbox (2.98798pt too wide) in paragraph at lines 372--393
\OT1/cmr/m/n/10 pre-cip-i-ta-tion were shown to not be nor-mally dis-tributed e
ven af-ter log trans-for-ma-tion 
 []


Overfull \hbox (6.59895pt too wide) in paragraph at lines 372--393
\OT1/cmr/m/n/10 us-ing the Shapiro-Wilks test hence the use of a non-parametric
 test). We cal-cu-late the 
 []


Overfull \hbox (0.18246pt too wide) in paragraph at lines 372--393
\OT1/cmr/m/n/10 in-ter-an-nual vari-abil-ity of pre-cip-i-ta-tion that ARs ac-c
ount for by con-duct-ing a uni-vari- 
 []


Overfull \hbox (11.46008pt too wide) in paragraph at lines 372--393
\OT1/cmr/m/n/10 ate or-di-nary least squares re-gres-sion (OLS). To de-ter-mine
 the im-pact that ARs have on 
 []


Underfull \vbox (badness 3417) has occurred while \output is active []

 [3]
[4 <./images/concatenated_maps_precip_temp_plot.png>]
Overfull \hbox (5.11165pt too wide) in paragraph at lines 399--409
\OT1/cmr/m/n/10 where $\OML/cmm/m/it/10 Q$ \OT1/cmr/m/n/10 is heat flux ($[]$);
 $\OML/cmm/m/it/10 $ \OT1/cmr/m/n/10 spe-cific heat ($[]$); $^^A\OML/cmm/m/it/
10 T$ \OT1/cmr/m/n/10 is the dif-fer-ence of am-bi-ent tem- 
 []


Overfull \hbox (13.51567pt too wide) in paragraph at lines 399--409
\OT1/cmr/m/n/10 per-a-ture and the river ice sur-face (which is es-ti-mated us-
ing $\OML/cmm/m/it/10 t[]$ \OT1/cmr/m/n/10 as a proxy for am-bi-ent) 
 []


Overfull \hbox (7.75113pt too wide) in paragraph at lines 399--409
\OT1/cmr/m/n/10 ($\TS1/cmr/m/n/10 °\OML/cmm/m/it/10 C$\OT1/cmr/m/n/10 ); $\OML/
cmm/m/it/10 m$ \OT1/cmr/m/n/10 the mass of the pre-cip-i-ta-tion ($\OML/cmm/m/i
t/10 kg$\OT1/cmr/m/n/10 ). The in-te-gral of these val-ues over all pre-cip- 
 []


Overfull \hbox (15.54344pt too wide) in paragraph at lines 399--409
\OT1/cmr/m/n/10 i-ta-tion events that oc-cured seven months prior to the breaku
p date is taken with re-spect 
 []


Overfull \hbox (2.46022pt too wide) in paragraph at lines 399--409
\OT1/cmr/m/n/10 to time. A tem-po-ral bias func-tion (Equa-tion 2[]) with tun-a
ble pa-ram-e-ters is ap-plied to 
 []


Overfull \hbox (0.76561pt too wide) in paragraph at lines 399--409
\OT1/cmr/m/n/10 the heat equa-tion to as-sess when in time pre-cip-i-ta-tion ev
ents were more im-pact-ful on 
 []


Overfull \hbox (22.72081pt too wide) in paragraph at lines 421--427
\OT1/cmr/m/n/10 where $\OML/cmm/m/it/10 ^^M$ \OT1/cmr/m/n/10 is a tun-able pa-r
am-e-ter im-pact-ing the width of the ex-po-nen-tial func-tion; t is time; 
 []


Overfull \hbox (10.23788pt too wide) in paragraph at lines 421--427
\OT1/cmr/m/n/10 DOY is the day of year that the breakup date oc-cured; c is a t
un-able pa-ram-e-ter dic-tat- 
 []


Overfull \hbox (7.44398pt too wide) in paragraph at lines 421--427
\OT1/cmr/m/n/10 ing the cen-ter place-ment of the func-tion $\OML/cmm/m/it/10 ^
^T$ \OT1/cmr/m/n/10 is a nor-mal-iz-ing con-stant. Fi-nally, Equa-tion 
 []


Overfull \hbox (2.59897pt too wide) in paragraph at lines 421--427
\OT1/cmr/m/n/10 3[] is tuned us-ing a full grid search, for each lo-ca-tion op-
ti-mized by the Pear-son cor-re-la- 
 []

<./images/tmin_vs_tmax_subplots.png, id=37, 1084.05pt x 361.35pt>
File: ./images/tmin_vs_tmax_subplots.png Graphic file (type png)
<use ./images/tmin_vs_tmax_subplots.png>
Package pdftex.def Info: ./images/tmin_vs_tmax_subplots.png  used on input line
 440.
(pdftex.def)             Requested size: 397.48499pt x 132.4954pt.

Underfull \hbox (badness 10000) in paragraph at lines 445--445
[]\OT1/cmr/bx/n/9 Figure  2. \OT1/cmr/m/n/9 Top: the p-value of the paired t-te
st given the win-dow size sur-round-ing the AR
 []


Underfull \hbox (badness 10000) in paragraph at lines 445--445
\OT1/cmr/m/n/9 event date. Dashed lines rep-re-sent the mean p-value over the s
tudy area while the color tran-si-
 []


Underfull \hbox (badness 10000) in paragraph at lines 445--445
\OT1/cmr/m/n/9 tion de-picts the IQR of p-values Bot-tom: the av-er-age in-crea
se in tem-per-a-ture from the look-back
 []

<./images/IVT_Precip_proportion_over_time.png, id=38, 1084.05pt x 578.16pt>
File: ./images/IVT_Precip_proportion_over_time.png Graphic file (type png)
<use ./images/IVT_Precip_proportion_over_time.png>
Package pdftex.def Info: ./images/IVT_Precip_proportion_over_time.png  used on 
input line 451.
(pdftex.def)             Requested size: 397.48499pt x 211.99265pt.

Underfull \hbox (badness 10000) in paragraph at lines 456--456
[]\OT1/cmr/bx/n/9 Figure  3. \OT1/cmr/m/n/9 Top: time se-ries of IVT ag-gre-gat
ed over all lo-ca-tions. Mid-dle: time se-ries of pre-cip-
 []


Underfull \hbox (badness 10000) in paragraph at lines 456--456
\OT1/cmr/m/n/9 i-ta-tion ag-gre-gated monthly over all lo-ca-tions. Bot-tom: pr
o-por-tion of pre-cip-i-ta-tion ac-counted for
 []


Underfull \hbox (badness 10000) in paragraph at lines 456--456
\OT1/cmr/m/n/9 by ARs, fill col-ors de-pict IQR while dashed line de-picts the 
mean, ag-gre-gated over all lo-ca-tions
 []

<./images/concatenated_precip_var_plots.png, id=39, 1589.94pt x 578.16pt>
File: ./images/concatenated_precip_var_plots.png Graphic file (type png)
<use ./images/concatenated_precip_var_plots.png>
Package pdftex.def Info: ./images/concatenated_precip_var_plots.png  used on in
put line 462.
(pdftex.def)             Requested size: 397.48499pt x 144.53964pt.

Underfull \hbox (badness 10000) in paragraph at lines 467--467
[]\OT1/cmr/bx/n/9 Figure  4. \OT1/cmr/m/n/9 Left: ker-nel den-sity plots show-i
ng the dis-tri-bu-tion of lo-cal pre-cip-i-ta-tion (dark
 []


Underfull \hbox (badness 10000) in paragraph at lines 467--467
\OT1/cmr/m/n/9 blue) and pre-cip-i-ta-tion from ARs (light blue). Right: orinda
ry least squares re-gres-sion plot us-ing
 []

<./images/concatenated_corr_plots.png, id=40, 1084.05pt x 722.7pt>
File: ./images/concatenated_corr_plots.png Graphic file (type png)
<use ./images/concatenated_corr_plots.png>
Package pdftex.def Info: ./images/concatenated_corr_plots.png  used on input li
ne 473.
(pdftex.def)             Requested size: 397.48499pt x 264.99081pt.

Underfull \hbox (badness 10000) in paragraph at lines 480--480
[]\OT1/cmr/bx/n/9 Figure  5. \OT1/cmr/m/n/9 Top: (left) scat-ter plot be-tween 
ther-mal en-ergy trans-fer and DOY; (mid-dle) scat-ter
 []


Underfull \hbox (badness 10000) in paragraph at lines 480--480
\OT1/cmr/m/n/9 plot of the num-ber of ARs that oc-cured in the 6 months prior t
o the breakup date and DOY
 []


Underfull \hbox (badness 10000) in paragraph at lines 480--480
\OT1/cmr/m/n/9 (right) tem-po-ral bias curve for the year 2021 with the breakup
 date rep-re-sented by the ver-ti-cal
 []


Underfull \hbox (badness 10000) in paragraph at lines 480--480
\OT1/cmr/m/n/9 dashed ilne. Bot-tom: same as the top ex-cept de-pict-ing when t
he bias curve is not op-ti-mally
 []


Overfull \hbox (9.82117pt too wide) in paragraph at lines 494--500
[]\OT1/cmr/m/n/10 This sec-tion MUST con-tain a state-ment that de-scribes wher
e the data sup-port-ing 
 []


Overfull \hbox (5.90463pt too wide) in paragraph at lines 494--500
\OT1/cmr/m/n/10 the con-clu-sions can be ob-tained. Data can-not be listed as '
'Avail-able from au-thors'' or 
 []


Overfull \hbox (4.4047pt too wide) in paragraph at lines 494--500
\OT1/cmr/m/n/10 stored solely in sup-port-ing in-for-ma-tion. Ci-ta-tions to ar
chived data should be in-cluded 
 []


Overfull \hbox (18.51564pt too wide) in paragraph at lines 494--500
\OT1/cmr/m/n/10 in your ref-er-ence list. Wi-ley will pub-lish it as a sep-a-ra
te sec-tion on the pa-per's page. Ex- 
 []


Overfull \hbox (71.11316pt too wide) in paragraph at lines 494--500
\OT1/cmr/m/n/10 am-ples and com-plete in-for-ma-tion are here: https://www.agu.
org/Publish with AGU/Publish/Author 
 []


Overfull \hbox (8.65456pt too wide) in paragraph at lines 502--505
\OT1/cmr/m/n/10 Enter ac-knowl-edg-ments here. This sec-tion is to ac-knowl-edg
e fund-ing, thank col-leagues, 
 []

(./AR_analysis_.bbl [5]